<?xml version="1.0" encoding="UTF-8"?>
<!-- Generated by org.testng.reporters.JUnitXMLReporter -->
<testsuite ignored="0" hostname="DESKTOP-GBDMBVI" failures="0" tests="22" name="Authentication-Tests" time="456.334" errors="0" timestamp="2025-12-17T17:49:54 IST">
  <testcase classname="com.egalvanic.qa.testcase.AuthenticationTestNG" name="TC01_ValidCredentials" time="9.335"/>
  <testcase classname="com.egalvanic.qa.testcase.AuthenticationTestNG" name="TC02_InvalidCredentials" time="33.243"/>
  <testcase classname="com.egalvanic.qa.testcase.AuthenticationTestNG" name="TC03_TrailingSpaceUsername" time="33.356"/>
  <testcase classname="com.egalvanic.qa.testcase.AuthenticationTestNG" name="TC04_LeadingSpaceUsername" time="33.217"/>
  <testcase classname="com.egalvanic.qa.testcase.AuthenticationTestNG" name="TC05_LeadingTrailingSpacesUsername" time="33.576"/>
  <testcase classname="com.egalvanic.qa.testcase.AuthenticationTestNG" name="TC06_OnlySpacesUsername" time="8.46"/>
  <testcase classname="com.egalvanic.qa.testcase.AuthenticationTestNG" name="TC07_TrailingSpacePassword" time="8.254"/>
  <testcase classname="com.egalvanic.qa.testcase.AuthenticationTestNG" name="TC08_SpecialCharactersUsername" time="8.159"/>
  <testcase classname="com.egalvanic.qa.testcase.AuthenticationTestNG" name="TC09_NumericOnlyUsername" time="8.385"/>
  <testcase classname="com.egalvanic.qa.testcase.AuthenticationTestNG" name="TC10_CaseSensitivityUsername" time="8.751"/>
  <testcase classname="com.egalvanic.qa.testcase.AuthenticationTestNG" name="TC11_ExceedingMaxLengthUsername" time="39.697"/>
  <testcase classname="com.egalvanic.qa.testcase.AuthenticationTestNG" name="TC12_LeadingSpacePassword" time="8.236"/>
  <testcase classname="com.egalvanic.qa.testcase.AuthenticationTestNG" name="TC13_OnlySpacesPassword" time="33.364"/>
  <testcase classname="com.egalvanic.qa.testcase.AuthenticationTestNG" name="TC14_MinLengthPassword" time="33.648"/>
  <testcase classname="com.egalvanic.qa.testcase.AuthenticationTestNG" name="TC15_MaxLengthPassword" time="36.751"/>
  <testcase classname="com.egalvanic.qa.testcase.AuthenticationTestNG" name="TC16_SQLInjectionUsername" time="8.937"/>
  <testcase classname="com.egalvanic.qa.testcase.AuthenticationTestNG" name="TC17_XSSUsername" time="8.666"/>
  <testcase classname="com.egalvanic.qa.testcase.AuthenticationTestNG" name="TC18_ErrorMessageCleared" time="12.881"/>
  <testcase classname="com.egalvanic.qa.testcase.AuthenticationTestNG" name="TC19_AccessDashboardWithoutLogin" time="7.316"/>
  <testcase classname="com.egalvanic.qa.testcase.AuthenticationTestNG" name="TC20_RefreshAfterLogin" time="13.547"/>
  <testcase classname="com.egalvanic.qa.testcase.AuthenticationTestNG" name="TC21_EnterKeyLogin" time="8.564"/>
  <testcase classname="com.egalvanic.qa.testcase.AuthenticationTestNG" name="TC22_BackButtonSession" time="15.168"/>
</testsuite> <!-- Authentication-Tests -->
