<?xml version="1.0" encoding="UTF-8"?>
<!-- Generated by org.testng.reporters.JUnitXMLReporter -->
<testsuite ignored="21" hostname="DESKTOP-GBDMBVI" failures="0" tests="1" name="Surefire test" time="14.216" errors="0" timestamp="2025-12-17T17:50:49 IST">
  <testcase classname="com.egalvanic.qa.testcase.AuthenticationTestNG" name="TC01_ValidCredentials" time="7.862"/>
  <testcase classname="com.egalvanic.qa.testcase.AuthenticationTestNG" name="TC03_TrailingSpaceUsername" time="0.0">
    <ignored/>
  </testcase> <!-- TC03_TrailingSpaceUsername -->
  <testcase classname="com.egalvanic.qa.testcase.AuthenticationTestNG" name="TC02_InvalidCredentials" time="0.0">
    <ignored/>
  </testcase> <!-- TC02_InvalidCredentials -->
  <testcase classname="com.egalvanic.qa.testcase.AuthenticationTestNG" name="TC16_SQLInjectionUsername" time="0.0">
    <ignored/>
  </testcase> <!-- TC16_SQLInjectionUsername -->
  <testcase classname="com.egalvanic.qa.testcase.AuthenticationTestNG" name="TC21_EnterKeyLogin" time="0.0">
    <ignored/>
  </testcase> <!-- TC21_EnterKeyLogin -->
  <testcase classname="com.egalvanic.qa.testcase.AuthenticationTestNG" name="TC08_SpecialCharactersUsername" time="0.0">
    <ignored/>
  </testcase> <!-- TC08_SpecialCharactersUsername -->
  <testcase classname="com.egalvanic.qa.testcase.AuthenticationTestNG" name="TC06_OnlySpacesUsername" time="0.0">
    <ignored/>
  </testcase> <!-- TC06_OnlySpacesUsername -->
  <testcase classname="com.egalvanic.qa.testcase.AuthenticationTestNG" name="TC20_RefreshAfterLogin" time="0.0">
    <ignored/>
  </testcase> <!-- TC20_RefreshAfterLogin -->
  <testcase classname="com.egalvanic.qa.testcase.AuthenticationTestNG" name="TC11_ExceedingMaxLengthUsername" time="0.0">
    <ignored/>
  </testcase> <!-- TC11_ExceedingMaxLengthUsername -->
  <testcase classname="com.egalvanic.qa.testcase.AuthenticationTestNG" name="TC09_NumericOnlyUsername" time="0.0">
    <ignored/>
  </testcase> <!-- TC09_NumericOnlyUsername -->
  <testcase classname="com.egalvanic.qa.testcase.AuthenticationTestNG" name="TC10_CaseSensitivityUsername" time="0.0">
    <ignored/>
  </testcase> <!-- TC10_CaseSensitivityUsername -->
  <testcase classname="com.egalvanic.qa.testcase.AuthenticationTestNG" name="TC17_XSSUsername" time="0.0">
    <ignored/>
  </testcase> <!-- TC17_XSSUsername -->
  <testcase classname="com.egalvanic.qa.testcase.AuthenticationTestNG" name="TC22_BackButtonSession" time="0.0">
    <ignored/>
  </testcase> <!-- TC22_BackButtonSession -->
  <testcase classname="com.egalvanic.qa.testcase.AuthenticationTestNG" name="TC18_ErrorMessageCleared" time="0.0">
    <ignored/>
  </testcase> <!-- TC18_ErrorMessageCleared -->
  <testcase classname="com.egalvanic.qa.testcase.AuthenticationTestNG" name="TC14_MinLengthPassword" time="0.0">
    <ignored/>
  </testcase> <!-- TC14_MinLengthPassword -->
  <testcase classname="com.egalvanic.qa.testcase.AuthenticationTestNG" name="TC15_MaxLengthPassword" time="0.0">
    <ignored/>
  </testcase> <!-- TC15_MaxLengthPassword -->
  <testcase classname="com.egalvanic.qa.testcase.AuthenticationTestNG" name="TC07_TrailingSpacePassword" time="0.0">
    <ignored/>
  </testcase> <!-- TC07_TrailingSpacePassword -->
  <testcase classname="com.egalvanic.qa.testcase.AuthenticationTestNG" name="TC12_LeadingSpacePassword" time="0.0">
    <ignored/>
  </testcase> <!-- TC12_LeadingSpacePassword -->
  <testcase classname="com.egalvanic.qa.testcase.AuthenticationTestNG" name="TC04_LeadingSpaceUsername" time="0.0">
    <ignored/>
  </testcase> <!-- TC04_LeadingSpaceUsername -->
  <testcase classname="com.egalvanic.qa.testcase.AuthenticationTestNG" name="TC19_AccessDashboardWithoutLogin" time="0.0">
    <ignored/>
  </testcase> <!-- TC19_AccessDashboardWithoutLogin -->
  <testcase classname="com.egalvanic.qa.testcase.AuthenticationTestNG" name="TC13_OnlySpacesPassword" time="0.0">
    <ignored/>
  </testcase> <!-- TC13_OnlySpacesPassword -->
  <testcase classname="com.egalvanic.qa.testcase.AuthenticationTestNG" name="TC05_LeadingTrailingSpacesUsername" time="0.0">
    <ignored/>
  </testcase> <!-- TC05_LeadingTrailingSpacesUsername -->
</testsuite> <!-- Surefire test -->
