<?xml version="1.0" encoding="UTF-8"?>
<testsuite xmlns:xsi="http://www.w3.org/2001/XMLSchema-instance" xsi:noNamespaceSchemaLocation="https://maven.apache.org/surefire/maven-surefire-plugin/xsd/surefire-test-report-3.0.xsd" version="3.0" name="TestSuite" time="458.418" tests="22" errors="0" skipped="0" failures="0">
  <properties>
[...]
</properties>
  <testcase name="TC01_ValidCredentials" classname="com.egalvanic.qa.testcase.AuthenticationTestNG" time="9.34">
    <system-out><![CDATA[🧪 Starting Independent Authentication Test Execution with TestNG
✔ Screenshot saved: tc01_before_login_20251217_174227.png
✔ Screenshot saved: tc01_after_login_20251217_174231.png
]]></system-out>
    <system-err><![CDATA[SLF4J(W): No SLF4J providers were found.
SLF4J(W): Defaulting to no-operation (NOP) logger implementation
SLF4J(W): See https://www.slf4j.org/codes.html#noProviders for further details.
Dec 17, 2025 5:42:22 PM org.openqa.selenium.devtools.CdpVersionFinder findNearestMatch
WARNING: Unable to find CDP implementation matching 143
Dec 17, 2025 5:42:22 PM org.openqa.selenium.chromium.ChromiumDriver lambda$new$5
WARNING: Unable to find version of CDP to use for 143.0.7499.42. You may need to include a dependency on a specific version of the CDP using something similar to `org.seleniumhq.selenium:selenium-devtools-v86:4.13.0` where the version ("v86") matches the version of the chromium-based browser you're using and the version number of the artifact is the same as Selenium's.
]]></system-err>
  </testcase>
  <testcase name="TC02_InvalidCredentials" classname="com.egalvanic.qa.testcase.AuthenticationTestNG" time="33.231">
    <system-out><![CDATA[✔ Screenshot saved: tc02_before_login_20251217_174237.png
✔ Screenshot saved: tc02_no_error_20251217_174307.png
]]></system-out>
    <system-err><![CDATA[Dec 17, 2025 5:42:34 PM org.openqa.selenium.devtools.CdpVersionFinder findNearestMatch
WARNING: Unable to find CDP implementation matching 143
Dec 17, 2025 5:42:34 PM org.openqa.selenium.chromium.ChromiumDriver lambda$new$5
WARNING: Unable to find version of CDP to use for 143.0.7499.42. You may need to include a dependency on a specific version of the CDP using something similar to `org.seleniumhq.selenium:selenium-devtools-v86:4.13.0` where the version ("v86") matches the version of the chromium-based browser you're using and the version number of the artifact is the same as Selenium's.
]]></system-err>
  </testcase>
  <testcase name="TC03_TrailingSpaceUsername" classname="com.egalvanic.qa.testcase.AuthenticationTestNG" time="33.354">
    <system-out><![CDATA[✔ Screenshot saved: tc03_before_login_20251217_174312.png
✔ Screenshot saved: tc03_result_20251217_174342.png
]]></system-out>
    <system-err><![CDATA[Dec 17, 2025 5:43:09 PM org.openqa.selenium.devtools.CdpVersionFinder findNearestMatch
WARNING: Unable to find CDP implementation matching 143
Dec 17, 2025 5:43:09 PM org.openqa.selenium.chromium.ChromiumDriver lambda$new$5
WARNING: Unable to find version of CDP to use for 143.0.7499.42. You may need to include a dependency on a specific version of the CDP using something similar to `org.seleniumhq.selenium:selenium-devtools-v86:4.13.0` where the version ("v86") matches the version of the chromium-based browser you're using and the version number of the artifact is the same as Selenium's.
]]></system-err>
  </testcase>
  <testcase name="TC04_LeadingSpaceUsername" classname="com.egalvanic.qa.testcase.AuthenticationTestNG" time="33.184">
    <system-out><![CDATA[✔ Screenshot saved: tc04_before_login_20251217_174347.png
✔ Screenshot saved: tc04_result_20251217_174417.png
]]></system-out>
    <system-err><![CDATA[Dec 17, 2025 5:43:44 PM org.openqa.selenium.devtools.CdpVersionFinder findNearestMatch
WARNING: Unable to find CDP implementation matching 143
Dec 17, 2025 5:43:44 PM org.openqa.selenium.chromium.ChromiumDriver lambda$new$5
WARNING: Unable to find version of CDP to use for 143.0.7499.42. You may need to include a dependency on a specific version of the CDP using something similar to `org.seleniumhq.selenium:selenium-devtools-v86:4.13.0` where the version ("v86") matches the version of the chromium-based browser you're using and the version number of the artifact is the same as Selenium's.
]]></system-err>
  </testcase>
  <testcase name="TC05_LeadingTrailingSpacesUsername" classname="com.egalvanic.qa.testcase.AuthenticationTestNG" time="33.535">
    <system-out><![CDATA[✔ Screenshot saved: tc05_before_login_20251217_174422.png
✔ Screenshot saved: tc05_result_20251217_174452.png
]]></system-out>
    <system-err><![CDATA[Dec 17, 2025 5:44:19 PM org.openqa.selenium.devtools.CdpVersionFinder findNearestMatch
WARNING: Unable to find CDP implementation matching 143
Dec 17, 2025 5:44:19 PM org.openqa.selenium.chromium.ChromiumDriver lambda$new$5
WARNING: Unable to find version of CDP to use for 143.0.7499.42. You may need to include a dependency on a specific version of the CDP using something similar to `org.seleniumhq.selenium:selenium-devtools-v86:4.13.0` where the version ("v86") matches the version of the chromium-based browser you're using and the version number of the artifact is the same as Selenium's.
]]></system-err>
  </testcase>
  <testcase name="TC06_OnlySpacesUsername" classname="com.egalvanic.qa.testcase.AuthenticationTestNG" time="8.451">
    <system-out><![CDATA[✔ Screenshot saved: tc06_before_login_20251217_174456.png
✔ Screenshot saved: tc06_result_20251217_174502.png
]]></system-out>
    <system-err><![CDATA[Dec 17, 2025 5:44:53 PM org.openqa.selenium.devtools.CdpVersionFinder findNearestMatch
WARNING: Unable to find CDP implementation matching 143
Dec 17, 2025 5:44:53 PM org.openqa.selenium.chromium.ChromiumDriver lambda$new$5
WARNING: Unable to find version of CDP to use for 143.0.7499.42. You may need to include a dependency on a specific version of the CDP using something similar to `org.seleniumhq.selenium:selenium-devtools-v86:4.13.0` where the version ("v86") matches the version of the chromium-based browser you're using and the version number of the artifact is the same as Selenium's.
]]></system-err>
  </testcase>
  <testcase name="TC07_TrailingSpacePassword" classname="com.egalvanic.qa.testcase.AuthenticationTestNG" time="8.257">
    <system-out><![CDATA[✔ Screenshot saved: tc07_before_login_20251217_174507.png
✔ Screenshot saved: tc07_result_20251217_174512.png
]]></system-out>
    <system-err><![CDATA[Dec 17, 2025 5:45:04 PM org.openqa.selenium.devtools.CdpVersionFinder findNearestMatch
WARNING: Unable to find CDP implementation matching 143
Dec 17, 2025 5:45:04 PM org.openqa.selenium.chromium.ChromiumDriver lambda$new$5
WARNING: Unable to find version of CDP to use for 143.0.7499.42. You may need to include a dependency on a specific version of the CDP using something similar to `org.seleniumhq.selenium:selenium-devtools-v86:4.13.0` where the version ("v86") matches the version of the chromium-based browser you're using and the version number of the artifact is the same as Selenium's.
]]></system-err>
  </testcase>
  <testcase name="TC08_SpecialCharactersUsername" classname="com.egalvanic.qa.testcase.AuthenticationTestNG" time="8.153">
    <system-out><![CDATA[✔ Screenshot saved: tc08_before_login_20251217_174517.png
✔ Screenshot saved: tc08_result_20251217_174522.png
]]></system-out>
    <system-err><![CDATA[Dec 17, 2025 5:45:14 PM org.openqa.selenium.devtools.CdpVersionFinder findNearestMatch
WARNING: Unable to find CDP implementation matching 143
Dec 17, 2025 5:45:14 PM org.openqa.selenium.chromium.ChromiumDriver lambda$new$5
WARNING: Unable to find version of CDP to use for 143.0.7499.42. You may need to include a dependency on a specific version of the CDP using something similar to `org.seleniumhq.selenium:selenium-devtools-v86:4.13.0` where the version ("v86") matches the version of the chromium-based browser you're using and the version number of the artifact is the same as Selenium's.
]]></system-err>
  </testcase>
  <testcase name="TC09_NumericOnlyUsername" classname="com.egalvanic.qa.testcase.AuthenticationTestNG" time="8.385">
    <system-out><![CDATA[✔ Screenshot saved: tc09_before_login_20251217_174527.png
✔ Screenshot saved: tc09_result_20251217_174532.png
]]></system-out>
    <system-err><![CDATA[Dec 17, 2025 5:45:24 PM org.openqa.selenium.devtools.CdpVersionFinder findNearestMatch
WARNING: Unable to find CDP implementation matching 143
Dec 17, 2025 5:45:24 PM org.openqa.selenium.chromium.ChromiumDriver lambda$new$5
WARNING: Unable to find version of CDP to use for 143.0.7499.42. You may need to include a dependency on a specific version of the CDP using something similar to `org.seleniumhq.selenium:selenium-devtools-v86:4.13.0` where the version ("v86") matches the version of the chromium-based browser you're using and the version number of the artifact is the same as Selenium's.
]]></system-err>
  </testcase>
  <testcase name="TC10_CaseSensitivityUsername" classname="com.egalvanic.qa.testcase.AuthenticationTestNG" time="8.755">
    <system-out><![CDATA[✔ Screenshot saved: tc10_before_login_20251217_174537.png
✔ Screenshot saved: tc10_result_20251217_174543.png
]]></system-out>
    <system-err><![CDATA[Dec 17, 2025 5:45:34 PM org.openqa.selenium.devtools.CdpVersionFinder findNearestMatch
WARNING: Unable to find CDP implementation matching 143
Dec 17, 2025 5:45:34 PM org.openqa.selenium.chromium.ChromiumDriver lambda$new$5
WARNING: Unable to find version of CDP to use for 143.0.7499.42. You may need to include a dependency on a specific version of the CDP using something similar to `org.seleniumhq.selenium:selenium-devtools-v86:4.13.0` where the version ("v86") matches the version of the chromium-based browser you're using and the version number of the artifact is the same as Selenium's.
]]></system-err>
  </testcase>
  <testcase name="TC11_ExceedingMaxLengthUsername" classname="com.egalvanic.qa.testcase.AuthenticationTestNG" time="39.697">
    <system-out><![CDATA[✔ Screenshot saved: tc11_before_login_20251217_174553.png
✔ Screenshot saved: tc11_result_20251217_174625.png
]]></system-out>
    <system-err><![CDATA[Dec 17, 2025 5:45:44 PM org.openqa.selenium.devtools.CdpVersionFinder findNearestMatch
WARNING: Unable to find CDP implementation matching 143
Dec 17, 2025 5:45:45 PM org.openqa.selenium.chromium.ChromiumDriver lambda$new$5
WARNING: Unable to find version of CDP to use for 143.0.7499.42. You may need to include a dependency on a specific version of the CDP using something similar to `org.seleniumhq.selenium:selenium-devtools-v86:4.13.0` where the version ("v86") matches the version of the chromium-based browser you're using and the version number of the artifact is the same as Selenium's.
]]></system-err>
  </testcase>
  <testcase name="TC12_LeadingSpacePassword" classname="com.egalvanic.qa.testcase.AuthenticationTestNG" time="8.228">
    <system-out><![CDATA[✔ Screenshot saved: tc12_before_login_20251217_174630.png
✔ Screenshot saved: tc12_result_20251217_174635.png
]]></system-out>
    <system-err><![CDATA[Dec 17, 2025 5:46:27 PM org.openqa.selenium.devtools.CdpVersionFinder findNearestMatch
WARNING: Unable to find CDP implementation matching 143
Dec 17, 2025 5:46:27 PM org.openqa.selenium.chromium.ChromiumDriver lambda$new$5
WARNING: Unable to find version of CDP to use for 143.0.7499.42. You may need to include a dependency on a specific version of the CDP using something similar to `org.seleniumhq.selenium:selenium-devtools-v86:4.13.0` where the version ("v86") matches the version of the chromium-based browser you're using and the version number of the artifact is the same as Selenium's.
]]></system-err>
  </testcase>
  <testcase name="TC13_OnlySpacesPassword" classname="com.egalvanic.qa.testcase.AuthenticationTestNG" time="33.351">
    <system-out><![CDATA[✔ Screenshot saved: tc13_before_login_20251217_174640.png
✔ Screenshot saved: tc13_result_20251217_174710.png
]]></system-out>
    <system-err><![CDATA[Dec 17, 2025 5:46:37 PM org.openqa.selenium.devtools.CdpVersionFinder findNearestMatch
WARNING: Unable to find CDP implementation matching 143
Dec 17, 2025 5:46:37 PM org.openqa.selenium.chromium.ChromiumDriver lambda$new$5
WARNING: Unable to find version of CDP to use for 143.0.7499.42. You may need to include a dependency on a specific version of the CDP using something similar to `org.seleniumhq.selenium:selenium-devtools-v86:4.13.0` where the version ("v86") matches the version of the chromium-based browser you're using and the version number of the artifact is the same as Selenium's.
]]></system-err>
  </testcase>
  <testcase name="TC14_MinLengthPassword" classname="com.egalvanic.qa.testcase.AuthenticationTestNG" time="33.63">
    <system-out><![CDATA[✔ Screenshot saved: tc14_before_login_20251217_174715.png
✔ Screenshot saved: tc14_result_20251217_174746.png
]]></system-out>
    <system-err><![CDATA[Dec 17, 2025 5:47:12 PM org.openqa.selenium.devtools.CdpVersionFinder findNearestMatch
WARNING: Unable to find CDP implementation matching 143
Dec 17, 2025 5:47:12 PM org.openqa.selenium.chromium.ChromiumDriver lambda$new$5
WARNING: Unable to find version of CDP to use for 143.0.7499.42. You may need to include a dependency on a specific version of the CDP using something similar to `org.seleniumhq.selenium:selenium-devtools-v86:4.13.0` where the version ("v86") matches the version of the chromium-based browser you're using and the version number of the artifact is the same as Selenium's.
]]></system-err>
  </testcase>
  <testcase name="TC15_MaxLengthPassword" classname="com.egalvanic.qa.testcase.AuthenticationTestNG" time="36.743">
    <system-out><![CDATA[✔ Screenshot saved: tc15_before_login_20251217_174751.png
✔ Screenshot saved: tc15_result_20251217_174824.png
]]></system-out>
    <system-err><![CDATA[Dec 17, 2025 5:47:47 PM org.openqa.selenium.devtools.CdpVersionFinder findNearestMatch
WARNING: Unable to find CDP implementation matching 143
Dec 17, 2025 5:47:47 PM org.openqa.selenium.chromium.ChromiumDriver lambda$new$5
WARNING: Unable to find version of CDP to use for 143.0.7499.42. You may need to include a dependency on a specific version of the CDP using something similar to `org.seleniumhq.selenium:selenium-devtools-v86:4.13.0` where the version ("v86") matches the version of the chromium-based browser you're using and the version number of the artifact is the same as Selenium's.
]]></system-err>
  </testcase>
  <testcase name="TC16_SQLInjectionUsername" classname="com.egalvanic.qa.testcase.AuthenticationTestNG" time="8.927">
    <system-out><![CDATA[✔ Screenshot saved: tc16_before_login_20251217_174829.png
✔ Screenshot saved: tc16_result_20251217_174834.png
]]></system-out>
    <system-err><![CDATA[Dec 17, 2025 5:48:25 PM org.openqa.selenium.devtools.CdpVersionFinder findNearestMatch
WARNING: Unable to find CDP implementation matching 143
Dec 17, 2025 5:48:25 PM org.openqa.selenium.chromium.ChromiumDriver lambda$new$5
WARNING: Unable to find version of CDP to use for 143.0.7499.42. You may need to include a dependency on a specific version of the CDP using something similar to `org.seleniumhq.selenium:selenium-devtools-v86:4.13.0` where the version ("v86") matches the version of the chromium-based browser you're using and the version number of the artifact is the same as Selenium's.
]]></system-err>
  </testcase>
  <testcase name="TC17_XSSUsername" classname="com.egalvanic.qa.testcase.AuthenticationTestNG" time="8.664">
    <system-out><![CDATA[✔ Screenshot saved: tc17_before_login_20251217_174839.png
✔ Screenshot saved: tc17_result_20251217_174844.png
]]></system-out>
    <system-err><![CDATA[Dec 17, 2025 5:48:36 PM org.openqa.selenium.devtools.CdpVersionFinder findNearestMatch
WARNING: Unable to find CDP implementation matching 143
Dec 17, 2025 5:48:36 PM org.openqa.selenium.chromium.ChromiumDriver lambda$new$5
WARNING: Unable to find version of CDP to use for 143.0.7499.42. You may need to include a dependency on a specific version of the CDP using something similar to `org.seleniumhq.selenium:selenium-devtools-v86:4.13.0` where the version ("v86") matches the version of the chromium-based browser you're using and the version number of the artifact is the same as Selenium's.
]]></system-err>
  </testcase>
  <testcase name="TC18_ErrorMessageCleared" classname="com.egalvanic.qa.testcase.AuthenticationTestNG" time="12.884">
    <system-out><![CDATA[✔ Screenshot saved: tc18_before_invalid_login_20251217_174849.png
✔ Screenshot saved: tc18_error_shown_20251217_174855.png
✔ Screenshot saved: tc18_result_20251217_174859.png
]]></system-out>
    <system-err><![CDATA[Dec 17, 2025 5:48:46 PM org.openqa.selenium.devtools.CdpVersionFinder findNearestMatch
WARNING: Unable to find CDP implementation matching 143
Dec 17, 2025 5:48:46 PM org.openqa.selenium.chromium.ChromiumDriver lambda$new$5
WARNING: Unable to find version of CDP to use for 143.0.7499.42. You may need to include a dependency on a specific version of the CDP using something similar to `org.seleniumhq.selenium:selenium-devtools-v86:4.13.0` where the version ("v86") matches the version of the chromium-based browser you're using and the version number of the artifact is the same as Selenium's.
]]></system-err>
  </testcase>
  <testcase name="TC19_AccessDashboardWithoutLogin" classname="com.egalvanic.qa.testcase.AuthenticationTestNG" time="7.314">
    <system-out><![CDATA[✔ Screenshot saved: tc19_direct_access_20251217_174905.png
✔ Screenshot saved: tc19_result_20251217_174909.png
]]></system-out>
    <system-err><![CDATA[Dec 17, 2025 5:49:02 PM org.openqa.selenium.devtools.CdpVersionFinder findNearestMatch
WARNING: Unable to find CDP implementation matching 143
Dec 17, 2025 5:49:02 PM org.openqa.selenium.chromium.ChromiumDriver lambda$new$5
WARNING: Unable to find version of CDP to use for 143.0.7499.42. You may need to include a dependency on a specific version of the CDP using something similar to `org.seleniumhq.selenium:selenium-devtools-v86:4.13.0` where the version ("v86") matches the version of the chromium-based browser you're using and the version number of the artifact is the same as Selenium's.
]]></system-err>
  </testcase>
  <testcase name="TC20_RefreshAfterLogin" classname="com.egalvanic.qa.testcase.AuthenticationTestNG" time="13.548">
    <system-out><![CDATA[✔ Screenshot saved: tc20_logged_in_20251217_174920.png
✔ Screenshot saved: tc20_result_20251217_174925.png
]]></system-out>
    <system-err><![CDATA[Dec 17, 2025 5:49:12 PM org.openqa.selenium.devtools.CdpVersionFinder findNearestMatch
WARNING: Unable to find CDP implementation matching 143
Dec 17, 2025 5:49:12 PM org.openqa.selenium.chromium.ChromiumDriver lambda$new$5
WARNING: Unable to find version of CDP to use for 143.0.7499.42. You may need to include a dependency on a specific version of the CDP using something similar to `org.seleniumhq.selenium:selenium-devtools-v86:4.13.0` where the version ("v86") matches the version of the chromium-based browser you're using and the version number of the artifact is the same as Selenium's.
]]></system-err>
  </testcase>
  <testcase name="TC21_EnterKeyLogin" classname="com.egalvanic.qa.testcase.AuthenticationTestNG" time="8.546">
    <system-out><![CDATA[✔ Screenshot saved: tc21_before_login_20251217_174930.png
✔ Screenshot saved: tc21_result_20251217_174935.png
]]></system-out>
    <system-err><![CDATA[Dec 17, 2025 5:49:27 PM org.openqa.selenium.devtools.CdpVersionFinder findNearestMatch
WARNING: Unable to find CDP implementation matching 143
Dec 17, 2025 5:49:27 PM org.openqa.selenium.chromium.ChromiumDriver lambda$new$5
WARNING: Unable to find version of CDP to use for 143.0.7499.42. You may need to include a dependency on a specific version of the CDP using something similar to `org.seleniumhq.selenium:selenium-devtools-v86:4.13.0` where the version ("v86") matches the version of the chromium-based browser you're using and the version number of the artifact is the same as Selenium's.
]]></system-err>
  </testcase>
  <testcase name="TC22_BackButtonSession" classname="com.egalvanic.qa.testcase.AuthenticationTestNG" time="15.159">
    <system-out><![CDATA[✔ Screenshot saved: tc22_logged_in_20251217_174944.png
✔ Screenshot saved: tc22_logged_out_20251217_174946.png
✔ Screenshot saved: tc22_result_20251217_174952.png
]]></system-out>
    <system-err><![CDATA[Dec 17, 2025 5:49:37 PM org.openqa.selenium.devtools.CdpVersionFinder findNearestMatch
WARNING: Unable to find CDP implementation matching 143
Dec 17, 2025 5:49:37 PM org.openqa.selenium.chromium.ChromiumDriver lambda$new$5
WARNING: Unable to find version of CDP to use for 143.0.7499.42. You may need to include a dependency on a specific version of the CDP using something similar to `org.seleniumhq.selenium:selenium-devtools-v86:4.13.0` where the version ("v86") matches the version of the chromium-based browser you're using and the version number of the artifact is the same as Selenium's.
]]></system-err>
  </testcase>
</testsuite>