<?xml version="1.0" encoding="UTF-8"?>
<testng-results ignored="0" total="1" passed="1" failed="0" skipped="0">
  <reporter-output>
  </reporter-output>
  <suite started-at="2025-12-17T17:50:35 IST" name="Surefire suite" finished-at="2025-12-17T17:50:49 IST" duration-ms="14216">
    <groups>
    </groups>
    <test started-at="2025-12-17T17:50:35 IST" name="Surefire test" finished-at="2025-12-17T17:50:49 IST" duration-ms="14216">
      <class name="com.egalvanic.qa.testcase.AuthenticationTestNG">
        <test-method is-config="true" signature="setUpClass()[pri:0, instance:com.egalvanic.qa.testcase.AuthenticationTestNG@3daa422a]" started-at="2025-12-17T17:50:35 IST" name="setUpClass" finished-at="2025-12-17T17:50:36 IST" duration-ms="565" status="PASS">
          <reporter-output>
          </reporter-output>
        </test-method> <!-- setUpClass -->
        <test-method is-config="true" signature="setUp()[pri:0, instance:com.egalvanic.qa.testcase.AuthenticationTestNG@3daa422a]" started-at="2025-12-17T17:50:36 IST" name="setUp" finished-at="2025-12-17T17:50:40 IST" duration-ms="4024" status="PASS">
          <reporter-output>
          </reporter-output>
        </test-method> <!-- setUp -->
        <test-method signature="TC01_ValidCredentials()[pri:1, instance:com.egalvanic.qa.testcase.AuthenticationTestNG@3daa422a]" started-at="2025-12-17T17:50:40 IST" name="TC01_ValidCredentials" finished-at="2025-12-17T17:50:48 IST" duration-ms="7862" status="PASS">
          <reporter-output>
          </reporter-output>
        </test-method> <!-- TC01_ValidCredentials -->
        <test-method is-config="true" signature="tearDown()[pri:0, instance:com.egalvanic.qa.testcase.AuthenticationTestNG@3daa422a]" started-at="2025-12-17T17:50:48 IST" name="tearDown" finished-at="2025-12-17T17:50:48 IST" duration-ms="689" status="PASS">
          <reporter-output>
          </reporter-output>
        </test-method> <!-- tearDown -->
        <test-method is-config="true" signature="tearDownClass()[pri:0, instance:com.egalvanic.qa.testcase.AuthenticationTestNG@3daa422a]" started-at="2025-12-17T17:50:48 IST" name="tearDownClass" finished-at="2025-12-17T17:50:49 IST" duration-ms="957" status="PASS">
          <reporter-output>
          </reporter-output>
        </test-method> <!-- tearDownClass -->
      </class> <!-- com.egalvanic.qa.testcase.AuthenticationTestNG -->
    </test> <!-- Surefire test -->
  </suite> <!-- Surefire suite -->
</testng-results>
